build/app/intermediates/manifest_merge_blame_file/debug/manifest-merger-blame-debug-report.txt
1<?xml version="1.0" encoding="utf-8"?>
2<manifest xmlns:android="http://schemas.android.com/apk/res/android"
3    package="com.example.flutter_app"
4    android:versionCode="1"
5    android:versionName="1.0.0" >
6
7    <uses-sdk
8        android:minSdkVersion="16"
9        android:targetSdkVersion="30" />
10    <!--
11         Flutter needs it to communicate with the running application
12         to allow setting breakpoints, to provide hot reload, etc.
13    -->
14    <uses-permission android:name="android.permission.INTERNET" />
14-->src/main/AndroidManifest.xml:3:5-67
14-->src/main/AndroidManifest.xml:3:22-64
15
16    <application
16-->src/main/AndroidManifest.xml:4:4-48:19
17        android:appComponentFactory="androidx.core.app.CoreComponentFactory"
17-->[androidx.core:core:1.1.0] AndroidManifest.xml:24:18-86
18        android:debuggable="true"
19        android:icon="@mipmap/ic_launcher"
19-->src/main/AndroidManifest.xml:6:9-43
20        android:label="flutter_app"
20-->src/main/AndroidManifest.xml:5:9-36
21        android:usesCleartextTraffic="true" >
21-->src/debug/AndroidManifest.xml:7:18-53
22        <activity
22-->src/main/AndroidManifest.xml:7:9-39:20
23            android:name="com.example.flutter_app.MainActivity"
23-->src/main/AndroidManifest.xml:8:13-41
24            android:configChanges="orientation|keyboardHidden|keyboard|screenSize|smallestScreenSize|locale|layoutDirection|fontScale|screenLayout|density|uiMode"
24-->src/main/AndroidManifest.xml:14:13-163
25            android:hardwareAccelerated="true"
25-->src/main/AndroidManifest.xml:15:13-47
26            android:label="3H"
26-->src/main/AndroidManifest.xml:12:13-31
27            android:launchMode="singleTop"
27-->src/main/AndroidManifest.xml:9:13-43
28            android:required="false"
28-->src/main/AndroidManifest.xml:11:13-37
29            android:theme="@style/LaunchTheme"
29-->src/main/AndroidManifest.xml:13:13-47
30            android:usesCleartextTraffic="true"
30-->src/main/AndroidManifest.xml:10:13-48
31            android:windowSoftInputMode="adjustResize" >
31-->src/main/AndroidManifest.xml:16:13-55
32
33            <!--
34                 Specifies an Android theme to apply to this Activity as soon as
35                 the Android process has started. This theme is visible to the user
36                 while the Flutter UI initializes. After that, this theme continues
37                 to determine the Window background behind the Flutter UI.
38            -->
39            <meta-data
39-->src/main/AndroidManifest.xml:21:13-24:17
40                android:name="io.flutter.embedding.android.NormalTheme"
40-->src/main/AndroidManifest.xml:22:15-70
41                android:resource="@style/NormalTheme" />
41-->src/main/AndroidManifest.xml:23:15-52
42
43            <!--
44                 Displays an Android View that continues showing the launch screen
45                 Drawable until Flutter paints its first frame, then this splash
46                 screen fades out. A splash screen is useful to avoid any visual
47                 gap between the end of Android's launch screen and the painting of
48                 Flutter's first frame.
49            -->
50            <meta-data
50-->src/main/AndroidManifest.xml:31:13-34:17
51                android:name="io.flutter.embedding.android.SplashScreenDrawable"
51-->src/main/AndroidManifest.xml:32:15-79
52                android:resource="@drawable/launch_background" />
52-->src/main/AndroidManifest.xml:33:15-61
53
54            <intent-filter>
54-->src/main/AndroidManifest.xml:35:13-38:29
55                <action android:name="android.intent.action.MAIN" />
55-->src/main/AndroidManifest.xml:36:17-68
55-->src/main/AndroidManifest.xml:36:25-66
56
57                <category android:name="android.intent.category.LAUNCHER" />
57-->src/main/AndroidManifest.xml:37:17-76
57-->src/main/AndroidManifest.xml:37:27-74
58            </intent-filter>
59        </activity>
60        <!--
61 Don't delete the meta-data below.
62             This is used by the Flutter tool to generate GeneratedPluginRegistrant.java
63        -->
64        <meta-data
64-->src/main/AndroidManifest.xml:42:9-44:33
65            android:name="flutterEmbedding"
65-->src/main/AndroidManifest.xml:43:13-44
66            android:value="2" />
66-->src/main/AndroidManifest.xml:44:13-30
67
68        <uses-library
68-->src/main/AndroidManifest.xml:45:8-47:39
69            android:name="org.apache.http.legacy"
69-->src/main/AndroidManifest.xml:46:12-49
70            android:required="false" />
70-->src/main/AndroidManifest.xml:47:12-36
71    </application>
72
73</manifest>